# JRE version: OpenJDK Runtime Environment (20.0.1+9) (build 20.0.1+9-29)
# Java VM: OpenJDK 64-Bit Server VM (20.0.1+9-29, mixed mode, sharing, tiered, compressed oops, compressed class ptrs, g1 gc, windows-amd64)
GC Precious Log:
 CardTable entry size: 512
 Card Set container configuration: InlinePtr #cards 5 size 8 Array Of Cards #cards 12 size 40 Howl #buckets 4 coarsen threshold 1843 Howl Bitmap #cards 512 size 80 coarsen threshold 460 Card regions per heap region 1 cards per card region 2048
 CPUs: 4 total, 4 available
 Memory: 8119M
 Large Page Support: Disabled
 NUMA Support: Disabled
 Compressed Oops: Enabled (32-bit)
 Heap Region Size: 1M
 Heap Min Capacity: 8M
 Heap Initial Capacity: 128M
 Heap Max Capacity: 2030M
 Pre-touch: Disabled
 Parallel Workers: 4
 Concurrent Workers: 1
 Concurrent Refinement Workers: 4
 Periodic GC: Disabled
Heap:
 garbage-first heap   total 524288K, used 326656K [0x0000000081200000, 0x0000000100000000)
  region size 1024K, 245 young (250880K), 29 survivors (29696K)
 Metaspace       used 1679K, committed 1792K, reserved 1114112K
  class space    used 135K, committed 192K, reserved 1048576K
GC Heap History (19 events):
Event: 0.192 GC heap before
{Heap before GC invocations=0 (full 0):
 garbage-first heap   total 131072K, used 13312K [0x0000000081200000, 0x0000000100000000)
  region size 1024K, 13 young (13312K), 0 survivors (0K)
 Metaspace       used 1173K, committed 1344K, reserved 1114112K
  class space    used 90K, committed 128K, reserved 1048576K
}
Event: 0.197 GC heap after
{Heap after GC invocations=1 (full 0):
 garbage-first heap   total 131072K, used 4693K [0x0000000081200000, 0x0000000100000000)
  region size 1024K, 2 young (2048K), 2 survivors (2048K)
 Metaspace       used 1173K, committed 1344K, reserved 1114112K
  class space    used 90K, committed 128K, reserved 1048576K
}
Event: 0.229 GC heap before
{Heap before GC invocations=1 (full 0):
 garbage-first heap   total 131072K, used 15957K [0x0000000081200000, 0x0000000100000000)
  region size 1024K, 13 young (13312K), 2 survivors (2048K)
 Metaspace       used 1175K, committed 1344K, reserved 1114112K
  class space    used 90K, committed 128K, reserved 1048576K
}
Event: 0.237 GC heap after
{Heap after GC invocations=2 (full 0):
 garbage-first heap   total 131072K, used 9216K [0x0000000081200000, 0x0000000100000000)
  region size 1024K, 2 young (2048K), 2 survivors (2048K)
 Metaspace       used 1175K, committed 1344K, reserved 1114112K
  class space    used 90K, committed 128K, reserved 1048576K
}
Event: 0.294 GC heap before
{Heap before GC invocations=2 (full 0):
 garbage-first heap   total 131072K, used 29696K [0x0000000081200000, 0x0000000100000000)
  region size 1024K, 22 young (22528K), 2 survivors (2048K)
 Metaspace       used 1178K, committed 1344K, reserved 1114112K
  class space    used 90K, committed 128K, reserved 1048576K
}
Event: 0.303 GC heap after
{Heap after GC invocations=3 (full 0):
 garbage-first heap   total 131072K, used 17338K [0x0000000081200000, 0x0000000100000000)
  region size 1024K, 3 young (3072K), 3 survivors (3072K)
 Metaspace       used 1178K, committed 1344K, reserved 1114112K
  class space    used 90K, committed 128K, reserved 1048576K
}
Event: 0.427 GC heap before
{Heap before GC invocations=3 (full 0):
 garbage-first heap   total 131072K, used 44986K [0x0000000081200000, 0x0000000100000000)
  region size 1024K, 30 young (30720K), 3 survivors (3072K)
 Metaspace       used 1339K, committed 1536K, reserved 1114112K
  class space    used 105K, committed 192K, reserved 1048576K
}
Event: 0.435 GC heap after
{Heap after GC invocations=4 (full 0):
 garbage-first heap   total 131072K, used 22896K [0x0000000081200000, 0x0000000100000000)
  region size 1024K, 4 young (4096K), 4 survivors (4096K)
 Metaspace       used 1339K, committed 1536K, reserved 1114112K
  class space    used 105K, committed 192K, reserved 1048576K
}
Event: 0.511 GC heap before
{Heap before GC invocations=4 (full 0):
 garbage-first heap   total 131072K, used 61808K [0x0000000081200000, 0x0000000100000000)
  region size 1024K, 42 young (43008K), 4 survivors (4096K)
 Metaspace       used 1342K, committed 1536K, reserved 1114112K
  class space    used 105K, committed 192K, reserved 1048576K
}
Event: 0.529 GC heap after
{Heap after GC invocations=5 (full 0):
 garbage-first heap   total 262144K, used 36352K [0x0000000081200000, 0x0000000100000000)
  region size 1024K, 6 young (6144K), 6 survivors (6144K)
 Metaspace       used 1342K, committed 1536K, reserved 1114112K
  class space    used 105K, committed 192K, reserved 1048576K
}
Event: 0.677 GC heap before
{Heap before GC invocations=5 (full 0):
 garbage-first heap   total 262144K, used 86528K [0x0000000081200000, 0x0000000100000000)
  region size 1024K, 55 young (56320K), 6 survivors (6144K)
 Metaspace       used 1347K, committed 1536K, reserved 1114112K
  class space    used 105K, committed 192K, reserved 1048576K
}
Event: 0.688 GC heap after
{Heap after GC invocations=6 (full 0):
 garbage-first heap   total 262144K, used 45998K [0x0000000081200000, 0x0000000100000000)
  region size 1024K, 7 young (7168K), 7 survivors (7168K)
 Metaspace       used 1347K, committed 1536K, reserved 1114112K
  class space    used 105K, committed 192K, reserved 1048576K
}
Event: 1.018 GC heap before
{Heap before GC invocations=6 (full 0):
 garbage-first heap   total 262144K, used 195502K [0x0000000081200000, 0x0000000100000000)
  region size 1024K, 153 young (156672K), 7 survivors (7168K)
 Metaspace       used 1348K, committed 1536K, reserved 1114112K
  class space    used 105K, committed 192K, reserved 1048576K
}
Event: 1.042 GC heap after
{Heap after GC invocations=7 (full 0):
 garbage-first heap   total 262144K, used 69632K [0x0000000081200000, 0x0000000100000000)
  region size 1024K, 20 young (20480K), 20 survivors (20480K)
 Metaspace       used 1348K, committed 1536K, reserved 1114112K
  class space    used 105K, committed 192K, reserved 1048576K
}
Event: 1.170 GC heap before
{Heap before GC invocations=7 (full 0):
 garbage-first heap   total 262144K, used 156672K [0x0000000081200000, 0x0000000100000000)
  region size 1024K, 105 young (107520K), 20 survivors (20480K)
 Metaspace       used 1679K, committed 1792K, reserved 1114112K
  class space    used 135K, committed 192K, reserved 1048576K
}
Event: 1.193 GC heap after
{Heap after GC invocations=8 (full 0):
 garbage-first heap   total 262144K, used 88064K [0x0000000081200000, 0x0000000100000000)
  region size 1024K, 14 young (14336K), 14 survivors (14336K)
 Metaspace       used 1679K, committed 1792K, reserved 1114112K
  class space    used 135K, committed 192K, reserved 1048576K
}
Event: 1.319 GC heap before
{Heap before GC invocations=8 (full 0):
 garbage-first heap   total 262144K, used 185344K [0x0000000081200000, 0x0000000100000000)
  region size 1024K, 109 young (111616K), 14 survivors (14336K)
 Metaspace       used 1679K, committed 1792K, reserved 1114112K
  class space    used 135K, committed 192K, reserved 1048576K
}
Event: 1.339 GC heap after
{Heap after GC invocations=9 (full 0):
 garbage-first heap   total 524288K, used 105472K [0x0000000081200000, 0x0000000100000000)
  region size 1024K, 14 young (14336K), 14 survivors (14336K)
 Metaspace       used 1679K, committed 1792K, reserved 1114112K
  class space    used 135K, committed 192K, reserved 1048576K
}
Event: 1.706 GC heap before
{Heap before GC invocations=9 (full 0):
 garbage-first heap   total 524288K, used 326656K [0x0000000081200000, 0x0000000100000000)
  region size 1024K, 230 young (235520K), 14 survivors (14336K)
 Metaspace       used 1679K, committed 1792K, reserved 1114112K
  class space    used 135K, committed 192K, reserved 1048576K
}

